[2025-08-04 22:06:18,062: INFO: common: yaml file: config\config.yaml loaded successfully]
[2025-08-04 22:06:18,073: INFO: common: yaml file: params.yaml loaded successfully]
[2025-08-04 22:06:18,075: INFO: common: created directory at: artifacts]
[2025-08-04 22:06:18,077: INFO: common: created directory at: artifacts/data_ingestion]
[2025-08-04 22:06:30,573: INFO: 2082263979: artifacts/data_ingestion/data.zip download! with following info: 
Connection: close
Content-Length: 11616915
Cache-Control: max-age=300
Content-Security-Policy: default-src 'none'; style-src 'unsafe-inline'; sandbox
Content-Type: application/zip
ETag: "adf745abc03891fe493c3be264ec012691fe3fa21d861f35a27edbe6d86a76b1"
Strict-Transport-Security: max-age=31536000
X-Content-Type-Options: nosniff
X-Frame-Options: deny
X-XSS-Protection: 1; mode=block
X-GitHub-Request-Id: F5B5:BCB5D:1422BB:296071:6890E182
Accept-Ranges: bytes
Date: Mon, 04 Aug 2025 16:36:19 GMT
Via: 1.1 varnish
X-Served-By: cache-maa10226-MAA
X-Cache: MISS
X-Cache-Hits: 0
X-Timer: S1754325379.773872,VS0,VE868
Vary: Authorization,Accept-Encoding
Access-Control-Allow-Origin: *
Cross-Origin-Resource-Policy: cross-origin
X-Fastly-Request-ID: 754adf218bec0ff4d6b2a1f72500e79e87ee4c42
Expires: Mon, 04 Aug 2025 16:41:19 GMT
Source-Age: 1

]
[2025-08-04 22:59:46,003: INFO: main: >>>>>> stage Data Ingestion stage started <<<<<<]
[2025-08-04 22:59:46,003: INFO: common: yaml file: config\config.yaml loaded successfully]
[2025-08-04 22:59:46,003: INFO: common: yaml file: params.yaml loaded successfully]
[2025-08-04 22:59:46,003: INFO: common: created directory at: artifacts]
[2025-08-04 22:59:46,003: INFO: common: created directory at: artifacts/data_ingestion]
[2025-08-04 22:59:56,286: INFO: data_ingestion: artifacts/data_ingestion/data.zip download! with following info: 
Connection: close
Content-Length: 11616915
Cache-Control: max-age=300
Content-Security-Policy: default-src 'none'; style-src 'unsafe-inline'; sandbox
Content-Type: application/zip
ETag: "adf745abc03891fe493c3be264ec012691fe3fa21d861f35a27edbe6d86a76b1"
Strict-Transport-Security: max-age=31536000
X-Content-Type-Options: nosniff
X-Frame-Options: deny
X-XSS-Protection: 1; mode=block
X-GitHub-Request-Id: F5B5:BCB5D:1422BB:296071:6890E182
Accept-Ranges: bytes
Date: Mon, 04 Aug 2025 17:29:46 GMT
Via: 1.1 varnish
X-Served-By: cache-maa10222-MAA
X-Cache: HIT
X-Cache-Hits: 0
X-Timer: S1754328586.417217,VS0,VE255
Vary: Authorization,Accept-Encoding
Access-Control-Allow-Origin: *
Cross-Origin-Resource-Policy: cross-origin
X-Fastly-Request-ID: 9ad94f587bf0fc46920cb67442ad9deb058fe48b
Expires: Mon, 04 Aug 2025 17:34:46 GMT
Source-Age: 0

]
[2025-08-04 22:59:56,579: INFO: main: >>>>>> stage Data Ingestion stage completed <<<<<<

x==========x]
[2025-08-07 00:13:25,508: INFO: main: >>>>>> stage Data Ingestion stage started <<<<<<]
[2025-08-07 00:13:25,510: INFO: common: yaml file: config\config.yaml loaded successfully]
[2025-08-07 00:13:25,513: INFO: common: yaml file: params.yaml loaded successfully]
[2025-08-07 00:13:25,513: INFO: common: created directory at: artifacts]
[2025-08-07 00:13:25,514: INFO: common: created directory at: artifacts/data_ingestion]
[2025-08-07 00:13:38,671: INFO: data_ingestion: artifacts/data_ingestion/data.zip download! with following info: 
Connection: close
Content-Length: 11616915
Cache-Control: max-age=300
Content-Security-Policy: default-src 'none'; style-src 'unsafe-inline'; sandbox
Content-Type: application/zip
ETag: "adf745abc03891fe493c3be264ec012691fe3fa21d861f35a27edbe6d86a76b1"
Strict-Transport-Security: max-age=31536000
X-Content-Type-Options: nosniff
X-Frame-Options: deny
X-XSS-Protection: 1; mode=block
X-GitHub-Request-Id: A670:3F76E3:18D549:3906BD:6893A24D
Accept-Ranges: bytes
Date: Wed, 06 Aug 2025 18:43:26 GMT
Via: 1.1 varnish
X-Served-By: cache-maa10234-MAA
X-Cache: MISS
X-Cache-Hits: 0
X-Timer: S1754505806.109781,VS0,VE880
Vary: Authorization,Accept-Encoding
Access-Control-Allow-Origin: *
Cross-Origin-Resource-Policy: cross-origin
X-Fastly-Request-ID: e2d7d4a6e52f21445b4791f777abdde8b1ae84b6
Expires: Wed, 06 Aug 2025 18:48:26 GMT
Source-Age: 1

]
[2025-08-07 00:13:38,954: INFO: main: >>>>>> stage Data Ingestion stage completed <<<<<<

x==========x]
[2025-08-07 00:13:38,954: INFO: main: *******************]
[2025-08-07 00:13:38,954: INFO: main: >>>>>> stage Prepare base model started <<<<<<]
[2025-08-07 00:13:38,954: INFO: common: yaml file: config\config.yaml loaded successfully]
[2025-08-07 00:13:38,954: INFO: common: yaml file: params.yaml loaded successfully]
[2025-08-07 00:13:38,960: INFO: common: created directory at: artifacts]
[2025-08-07 00:13:38,960: INFO: common: created directory at: artifacts/prepare_base_model]
[2025-08-07 00:13:39,359: WARNING: saving_api: You are saving your model as an HDF5 file via `model.save()` or `keras.saving.save_model(model)`. This file format is considered legacy. We recommend using instead the native Keras format, e.g. `model.save('my_model.keras')` or `keras.saving.save_model(model, 'my_model.keras')`. ]
[2025-08-07 00:13:39,525: WARNING: saving_api: You are saving your model as an HDF5 file via `model.save()` or `keras.saving.save_model(model)`. This file format is considered legacy. We recommend using instead the native Keras format, e.g. `model.save('my_model.keras')` or `keras.saving.save_model(model, 'my_model.keras')`. ]
[2025-08-07 00:13:39,696: INFO: main: >>>>>> stage Prepare base model completed <<<<<<

x==========x]
